#
# A fatal error has been detected by the Java Runtime Environment:
#
#  SIGBUS (0xa) at pc=0x0000000101564e92, pid=6423, tid=0x0000000000000e03
#
# JRE version: Java(TM) SE Runtime Environment (8.0_121-b13) (build 1.8.0_121-b13)
# Java VM: Java HotSpot(TM) 64-Bit Server VM (25.121-b13 mixed mode bsd-amd64 compressed oops)
# Problematic frame:
# C  [libzip.dylib+0x2e92]  newEntry+0x154
#
# Failed to write core dump. Core dumps have been disabled. To enable core dumping, try "ulimit -c unlimited" before starting Java again
#
# If you would like to submit a bug report, please visit:
#   http://bugreport.java.com/bugreport/crash.jsp
# The crash happened outside the Java Virtual Machine in native code.
# See problematic frame for where to report the bug.
#

---------------  T H R E A D  ---------------

Current thread (0x00007fdca1806800):  JavaThread "main" [_thread_in_native, id=3587, stack(0x000070000f6b8000,0x000070000f7b8000)]

siginfo: si_signo: 10 (SIGBUS), si_code: 2 (BUS_ADRERR), si_addr: 0x00000001077ab9e6

Registers:
RAX=0x00007fdca0d13e30, RBX=0x00000001077ab9da, RCX=0x0000000000000001, RDX=0x0000000000000700
RSP=0x000070000f7b2d70, RBP=0x000070000f7b2dd0, RSI=0x0000000000020000, RDI=0x0000000000000777
R8 =0x0000000000000048, R9 =0x00007fdca32776c0, R10=0x00000000fffe0000, R11=0x000000000000001c
R12=0x00007fdca184f800, R13=0x000000000001ced0, R14=0x000000005ddfdc83, R15=0x00007fdca33588b0
RIP=0x0000000101564e92, EFLAGS=0x0000000000010202, ERR=0x0000000000000004
  TRAPNO=0x000000000000000e

Top of Stack: (sp=0x000070000f7b2d70)
0x000070000f7b2d70:   000070000f7b2db0 000000000060014f
0x000070000f7b2d80:   403147b7709184f0 00007fdca0e025d0
0x000070000f7b2d90:   000070000f7b2db0 00007fdca0d13e30
0x000070000f7b2da0:   00007fdca32776c0 00007fdca0d13e30
0x000070000f7b2db0:   00007fdca184f800 000000000001ced0
0x000070000f7b2dc0:   000000005ddfdc83 00007fdca33588b0
0x000070000f7b2dd0:   000070000f7b2e30 000000010156552d
0x000070000f7b2de0:   00007fdca0d09571 00007fdca0d09570
0x000070000f7b2df0:   0000004f00000000 0000005000000000
0x000070000f7b2e00:   00007fdca0d09520 000070000f7b2e84
0x000070000f7b2e10:   00007fdca0d13d00 0000000100d00cb0
0x000070000f7b2e20:   000070000f7b2f54 00007fdca0d09520
0x000070000f7b2e30:   000070000f7b2e60 000000010156569b
0x000070000f7b2e40:   000070000f7b2e60 0000000000000000
0x000070000f7b2e50:   000070000f7b2f54 00007fdca0d09520
0x000070000f7b2e60:   000070000f7b2f40 00000001005d18d7
0x000070000f7b2e70:   000070000f7b2e90 0000003000000018
0x000070000f7b2e80:   000070000f7b2ea0 00007fdca1806800
0x000070000f7b2e90:   000070000f7b2f70 0000000100686f66
0x000070000f7b2ea0:   000000010aafef70 00007fdca1806800
0x000070000f7b2eb0:   00007fdca0d09380 000000000000004a
0x000070000f7b2ec0:   0000000000000072 00007fdca32776a0
0x000070000f7b2ed0:   000001cb00000001 0000000106d4ea98
0x000070000f7b2ee0:   0000000706d479f8 000000070703a480
0x000070000f7b2ef0:   0000000100000400 000000010746ed40
0x000070000f7b2f00:   000070000f7b2f40 00000001005d11b8
0x000070000f7b2f10:   76b3caf94ff00068 00007fdca1806800
0x000070000f7b2f20:   0000000000000007 0000000100d00cb0
0x000070000f7b2f30:   00007fdca0d13d00 00007fdca0d0d390
0x000070000f7b2f40:   000070000f7b2f70 00000001005d05d0
0x000070000f7b2f50:   000070000f7b2f70 00007fdca1806800
0x000070000f7b2f60:   00007fdca0d09520 00007fdca0d0d390 

Instructions: (pc=0x0000000101564e92)
0x0000000101564e72:   49 8b 7f 38 e8 5b 1b 00 00 4d 89 77 38 49 89 5f
0x0000000101564e82:   40 4c 89 f0 48 85 c0 0f 84 11 05 00 00 48 89 c3
0x0000000101564e92:   0f b6 43 0c 0f b6 4b 0d 48 c1 e1 08 48 01 c1 0f
0x0000000101564ea2:   b6 43 0e 0f b6 53 0f 48 c1 e2 08 48 01 c2 48 c1 

Register to memory mapping:

RAX=0x00007fdca0d13e30 is an unknown value
RBX=0x00000001077ab9da is an unknown value
RCX=0x0000000000000001 is an unknown value
RDX=0x0000000000000700 is an unknown value
RSP=0x000070000f7b2d70 is pointing into the stack for thread: 0x00007fdca1806800
RBP=0x000070000f7b2dd0 is pointing into the stack for thread: 0x00007fdca1806800
RSI=0x0000000000020000 is an unknown value
RDI=0x0000000000000777 is an unknown value
R8 =0x0000000000000048 is an unknown value
R9 =0x00007fdca32776c0 is an unknown value
R10=0x00000000fffe0000 is an unknown value
R11=0x000000000000001c is an unknown value
R12=0x00007fdca184f800 is an unknown value
R13=0x000000000001ced0 is an unknown value
R14=0x000000005ddfdc83 is an unknown value
R15=0x00007fdca33588b0 is an unknown value


Stack: [0x000070000f6b8000,0x000070000f7b8000],  sp=0x000070000f7b2d70,  free space=1003k
Native frames: (J=compiled Java code, j=interpreted, Vv=VM code, C=native code)
C  [libzip.dylib+0x2e92]  newEntry+0x154
C  [libzip.dylib+0x352d]  ZIP_GetEntry2+0xd4
C  [libzip.dylib+0x369b]  ZIP_FindEntry+0x1a
V  [libjvm.dylib+0x18b8d7]  ClassPathZipEntry::open_entry(char const*, int*, bool, Thread*)+0x63
V  [libjvm.dylib+0x18a5d0]  ClassPathZipEntry::open_stream(char const*, Thread*)+0x24
V  [libjvm.dylib+0x18aa72]  ClassLoader::load_classfile(Symbol*, Thread*)+0x180
V  [libjvm.dylib+0x53baad]  SystemDictionary::load_instance_class(Symbol*, Handle, Thread*)+0xf3
V  [libjvm.dylib+0x53b45a]  SystemDictionary::resolve_instance_class_or_null(Symbol*, Handle, Handle, Thread*)+0x484
V  [libjvm.dylib+0x53beae]  SystemDictionary::resolve_or_null(Symbol*, Handle, Handle, Thread*)+0x106
V  [libjvm.dylib+0x350618]  JVM_FindClassFromBootLoader+0x74
C  [libjava.dylib+0x2893]  Java_java_lang_ClassLoader_findBootstrapClass+0xb5
J 1623  java.lang.ClassLoader._jr$jni$findBootstrapClass(Ljava/lang/String;)Ljava/lang/Class; (0 bytes) @ 0x000000010b7be23c [0x000000010b7be180+0xbc]
J 2151 C1 java.lang.ClassLoader.loadClass(Ljava/lang/String;Z)Ljava/lang/Class; (135 bytes) @ 0x000000010b88bc2c [0x000000010b88b9e0+0x24c]
J 2151 C1 java.lang.ClassLoader.loadClass(Ljava/lang/String;Z)Ljava/lang/Class; (135 bytes) @ 0x000000010b88bbec [0x000000010b88b9e0+0x20c]
J 2486 C1 sun.misc.Launcher$AppClassLoader.loadClass(Ljava/lang/String;Z)Ljava/lang/Class; (95 bytes) @ 0x000000010b92b80c [0x000000010b92b560+0x2ac]
J 1120 C1 java.lang.ClassLoader.loadClass(Ljava/lang/String;)Ljava/lang/Class; (11 bytes) @ 0x000000010b6c411c [0x000000010b6c40c0+0x5c]
v  ~StubRoutines::call_stub
V  [libjvm.dylib+0x2ed9d6]  JavaCalls::call_helper(JavaValue*, methodHandle*, JavaCallArguments*, Thread*)+0x6ae
V  [libjvm.dylib+0x2ee164]  JavaCalls::call_virtual(JavaValue*, KlassHandle, Symbol*, Symbol*, JavaCallArguments*, Thread*)+0x164
V  [libjvm.dylib+0x2ee2bc]  JavaCalls::call_virtual(JavaValue*, Handle, KlassHandle, Symbol*, Symbol*, Handle, Thread*)+0x56
V  [libjvm.dylib+0x53bc92]  SystemDictionary::load_instance_class(Symbol*, Handle, Thread*)+0x2d8
V  [libjvm.dylib+0x53b45a]  SystemDictionary::resolve_instance_class_or_null(Symbol*, Handle, Handle, Thread*)+0x484
V  [libjvm.dylib+0x53beae]  SystemDictionary::resolve_or_null(Symbol*, Handle, Handle, Thread*)+0x106
V  [libjvm.dylib+0x53c561]  SystemDictionary::resolve_or_fail(Symbol*, Handle, Handle, bool, Thread*)+0x31
V  [libjvm.dylib+0x345ea9]  find_class_from_class_loader(JNIEnv_*, Symbol*, unsigned char, Handle, Handle, unsigned char, Thread*)+0x30
V  [libjvm.dylib+0x3503de]  JVM_FindClassFromCaller+0x135
C  [libjava.dylib+0x209d]  Java_java_lang_Class_forName0+0x13f
J 2550  java.lang.Class.forName0(Ljava/lang/String;ZLjava/lang/ClassLoader;Ljava/lang/Class;)Ljava/lang/Class; (0 bytes) @ 0x000000010b94b6b4 [0x000000010b94b5c0+0xf4]
J 2676 C1 java.lang.Class.forName(Ljava/lang/String;ZLjava/lang/ClassLoader;)Ljava/lang/Class; (53 bytes) @ 0x000000010b98b79c [0x000000010b98b4e0+0x2bc]
j  com.zeroturnaround.javarebel.rv.a(Ljava/lang/ClassLoader;Lcom/zeroturnaround/javarebel/flp;)Ljava/util/Set;+226
J 2905 C1 com.zeroturnaround.javarebel.rn.transform(Ljava/lang/ClassLoader;Ljava/lang/String;[BIILjava/security/ProtectionDomain;)[B (329 bytes) @ 0x000000010ba01fbc [0x000000010ba01840+0x77c]
J 2515 C1 java.lang.ClassLoader.defineClass(Ljava/lang/String;[BIILjava/security/ProtectionDomain;)Ljava/lang/Class; (141 bytes) @ 0x000000010b93f064 [0x000000010b93ef80+0xe4]
J 2751 C1 sun.reflect.GeneratedMethodAccessor2.invoke(Ljava/lang/Object;[Ljava/lang/Object;)Ljava/lang/Object; (245 bytes) @ 0x000000010b9c03cc [0x000000010b9bfe40+0x58c]
J 2349 C1 sun.reflect.DelegatingMethodAccessorImpl.invoke(Ljava/lang/Object;[Ljava/lang/Object;)Ljava/lang/Object; (141 bytes) @ 0x000000010b8e287c [0x000000010b8e24e0+0x39c]
J 2349 C1 sun.reflect.DelegatingMethodAccessorImpl.invoke(Ljava/lang/Object;[Ljava/lang/Object;)Ljava/lang/Object; (141 bytes) @ 0x000000010b8e284c [0x000000010b8e24e0+0x36c]
J 2452 C1 com.zeroturnaround.jrebelbase.facade.q.methodInvoke(Lsun/reflect/MethodAccessor;Ljava/lang/Object;[Ljava/lang/Object;Ljava/lang/reflect/Method;)Ljava/lang/Object; (52 bytes) @ 0x000000010b90fdc4 [0x000000010b90fd80+0x44]
J 2451 C1 java.lang.reflect.Method.invoke(Ljava/lang/Object;[Ljava/lang/Object;)Ljava/lang/Object; (61 bytes) @ 0x000000010b90f9a4 [0x000000010b90f860+0x144]
J 4576 C1 com.zeroturnaround.javarebel.ri.a(Ljava/lang/String;[BLjava/security/ProtectionDomain;Z)Ljava/lang/Class; (204 bytes) @ 0x000000010bc666c4 [0x000000010bc66200+0x4c4]
J 4575 C1 com.zeroturnaround.javarebel.ri.b(Ljava/lang/String;[BLjava/security/ProtectionDomain;Z)Ljava/lang/Class; (52 bytes) @ 0x000000010bc65844 [0x000000010bc65740+0x104]
J 4573 C1 com.zeroturnaround.javarebel.rp.a(Ljava/lang/String;Lorg/zeroturnaround/javarebel/Resource;)Ljava/lang/Class; (81 bytes) @ 0x000000010bc648c4 [0x000000010bc64640+0x284]
J 4572 C1 com.zeroturnaround.javarebel.sr.a(Lcom/zeroturnaround/javarebel/rp;)Ljava/lang/Class; (13 bytes) @ 0x000000010bc6425c [0x000000010bc64200+0x5c]
J 2737 C1 com.zeroturnaround.javarebel.rp.a(Ljava/lang/String;)Ljava/lang/Class; (366 bytes) @ 0x000000010b9b511c [0x000000010b9b4980+0x79c]
J 2665 C1 com.zeroturnaround.javarebel.SDKIntegrationImpl.findReloadableClass(Ljava/lang/ClassLoader;Ljava/lang/String;)Ljava/lang/Class; (135 bytes) @ 0x000000010b98622c [0x000000010b985e20+0x40c]
J 2557 C1 com.zeroturnaround.javarebel.td.findReloadableClass(Ljava/lang/ClassLoader;Ljava/lang/String;Ljava/security/AccessControlContext;)Ljava/lang/Class; (61 bytes) @ 0x000000010b94f864 [0x000000010b94f760+0x104]
J 2548 C1 java.net.URLClassLoader.findClass(Ljava/lang/String;)Ljava/lang/Class; (98 bytes) @ 0x000000010b94ba5c [0x000000010b94b9e0+0x7c]
j  java.lang.ClassLoader.loadClass(Ljava/lang/String;Z)Ljava/lang/Class;+77
J 2486 C1 sun.misc.Launcher$AppClassLoader.loadClass(Ljava/lang/String;Z)Ljava/lang/Class; (95 bytes) @ 0x000000010b92b80c [0x000000010b92b560+0x2ac]
J 1120 C1 java.lang.ClassLoader.loadClass(Ljava/lang/String;)Ljava/lang/Class; (11 bytes) @ 0x000000010b6c411c [0x000000010b6c40c0+0x5c]
v  ~StubRoutines::call_stub
V  [libjvm.dylib+0x2ed9d6]  JavaCalls::call_helper(JavaValue*, methodHandle*, JavaCallArguments*, Thread*)+0x6ae
V  [libjvm.dylib+0x2ee164]  JavaCalls::call_virtual(JavaValue*, KlassHandle, Symbol*, Symbol*, JavaCallArguments*, Thread*)+0x164
V  [libjvm.dylib+0x2ee2bc]  JavaCalls::call_virtual(JavaValue*, Handle, KlassHandle, Symbol*, Symbol*, Handle, Thread*)+0x56
V  [libjvm.dylib+0x53bc92]  SystemDictionary::load_instance_class(Symbol*, Handle, Thread*)+0x2d8
V  [libjvm.dylib+0x53b45a]  SystemDictionary::resolve_instance_class_or_null(Symbol*, Handle, Handle, Thread*)+0x484
V  [libjvm.dylib+0x53beae]  SystemDictionary::resolve_or_null(Symbol*, Handle, Handle, Thread*)+0x106
V  [libjvm.dylib+0x53c561]  SystemDictionary::resolve_or_fail(Symbol*, Handle, Handle, bool, Thread*)+0x31
V  [libjvm.dylib+0x1e291a]  ConstantPool::klass_at_impl(constantPoolHandle, int, Thread*)+0x2ee
V  [libjvm.dylib+0x1f2d2a]  ConstantPool::klass_at(int, Thread*)+0x92
V  [libjvm.dylib+0x2e93f7]  InterpreterRuntime::_new(JavaThread*, ConstantPool*, int)+0x2d
j  org.springframework.beans.JrBeanReloader.<init>(Lorg/springframework/beans/factory/config/ConfigurableListableBeanFactory;)V+165
j  org.springframework.beans.factory.support.AbstractBeanFactory.<init>()V+176
j  org.springframework.beans.factory.support.AbstractAutowireCapableBeanFactory.<init>()V+1
j  org.springframework.beans.factory.support.DefaultListableBeanFactory.<init>()V+1
j  org.springframework.context.support.GenericApplicationContext.<init>()V+25
j  org.springframework.context.annotation.AnnotationConfigApplicationContext.<init>()V+1
v  ~StubRoutines::call_stub
V  [libjvm.dylib+0x2ed9d6]  JavaCalls::call_helper(JavaValue*, methodHandle*, JavaCallArguments*, Thread*)+0x6ae
V  [libjvm.dylib+0x4d26c4]  Reflection::invoke(instanceKlassHandle, methodHandle, Handle, bool, objArrayHandle, BasicType, objArrayHandle, bool, Thread*)+0xe12
V  [libjvm.dylib+0x4d2a09]  Reflection::invoke_constructor(oopDesc*, objArrayHandle, Thread*)+0x181
V  [libjvm.dylib+0x345be1]  JVM_NewInstanceFromConstructor+0x7c
J 1131  sun.reflect.NativeConstructorAccessorImpl.newInstance0(Ljava/lang/reflect/Constructor;[Ljava/lang/Object;)Ljava/lang/Object; (0 bytes) @ 0x000000010b6c7f15 [0x000000010b6c7e40+0xd5]
J 1130 C1 sun.reflect.NativeConstructorAccessorImpl.newInstance([Ljava/lang/Object;)Ljava/lang/Object; (89 bytes) @ 0x000000010b6c90e4 [0x000000010b6c8d80+0x364]
J 1023 C1 sun.reflect.DelegatingConstructorAccessorImpl.newInstance([Ljava/lang/Object;)Ljava/lang/Object; (136 bytes) @ 0x000000010b67e21c [0x000000010b67dea0+0x37c]
J 1023 C1 sun.reflect.DelegatingConstructorAccessorImpl.newInstance([Ljava/lang/Object;)Ljava/lang/Object; (136 bytes) @ 0x000000010b67e1f4 [0x000000010b67dea0+0x354]
J 1852 C1 com.zeroturnaround.jrebelbase.facade.q.a(Lsun/reflect/ConstructorAccessor;[Ljava/lang/Object;Ljava/lang/reflect/Constructor;Z)Ljava/lang/Object; (149 bytes) @ 0x000000010b816024 [0x000000010b815be0+0x444]
J 1853 C1 java.lang.reflect.Constructor.newInstance([Ljava/lang/Object;)Ljava/lang/Object; (95 bytes) @ 0x000000010b817e64 [0x000000010b817d20+0x144]
J 2621 C1 java.lang.Class.newInstance()Ljava/lang/Object; (187 bytes) @ 0x000000010b96deec [0x000000010b96da20+0x4cc]
j  org.springframework.beans.BeanUtils.instantiate(Ljava/lang/Class;)Ljava/lang/Object;+37
j  org.springframework.boot.SpringApplication.createApplicationContext()Lorg/springframework/context/ConfigurableApplicationContext;+53
j  org.springframework.boot.SpringApplication.run([Ljava/lang/String;)Lorg/springframework/context/ConfigurableApplicationContext;+68
j  org.springframework.boot.builder.SpringApplicationBuilder.run([Ljava/lang/String;)Lorg/springframework/context/ConfigurableApplicationContext;+52
j  org.springframework.cloud.bootstrap.BootstrapApplicationListener.bootstrapServiceContext(Lorg/springframework/core/env/ConfigurableEnvironment;Lorg/springframework/boot/SpringApplication;)Lorg/springframework/context/ConfigurableApplicationContext;+448
j  org.springframework.cloud.bootstrap.BootstrapApplicationListener.onApplicationEvent(Lorg/springframework/boot/context/event/ApplicationEnvironmentPreparedEvent;)V+54
j  org.springframework.cloud.bootstrap.BootstrapApplicationListener.onApplicationEvent(Lorg/springframework/context/ApplicationEvent;)V+15
j  org.springframework.context.event.SimpleApplicationEventMulticaster.invokeListener(Lorg/springframework/context/ApplicationListener;Lorg/springframework/context/ApplicationEvent;)V+38
j  org.springframework.context.event.SimpleApplicationEventMulticaster.multicastEvent(Lorg/springframework/context/ApplicationEvent;Lorg/springframework/core/ResolvableType;)V+95
j  org.springframework.context.event.SimpleApplicationEventMulticaster.multicastEvent(Lorg/springframework/context/ApplicationEvent;)V+11
j  org.springframework.boot.context.event.EventPublishingRunListener.environmentPrepared(Lorg/springframework/core/env/ConfigurableEnvironment;)V+24
j  org.springframework.boot.SpringApplicationRunListeners.environmentPrepared(Lorg/springframework/core/env/ConfigurableEnvironment;)V+41
j  org.springframework.boot.SpringApplication.prepareEnvironment(Lorg/springframework/boot/SpringApplicationRunListeners;Lorg/springframework/boot/ApplicationArguments;)Lorg/springframework/core/env/ConfigurableEnvironment;+18
j  org.springframework.boot.SpringApplication.run([Ljava/lang/String;)Lorg/springframework/context/ConfigurableApplicationContext;+54
j  org.springframework.boot.SpringApplication.run([Ljava/lang/Object;[Ljava/lang/String;)Lorg/springframework/context/ConfigurableApplicationContext;+9
j  org.springframework.boot.SpringApplication.run(Ljava/lang/Object;[Ljava/lang/String;)Lorg/springframework/context/ConfigurableApplicationContext;+9
j  com.wuchaooooo.study.SpringCloudServerApplication.main([Ljava/lang/String;)V+13
v  ~StubRoutines::call_stub
V  [libjvm.dylib+0x2ed9d6]  JavaCalls::call_helper(JavaValue*, methodHandle*, JavaCallArguments*, Thread*)+0x6ae
V  [libjvm.dylib+0x3247ce]  jni_invoke_static(JNIEnv_*, JavaValue*, _jobject*, JNICallType, _jmethodID*, JNI_ArgumentPusher*, Thread*)+0x1bf
V  [libjvm.dylib+0x31d545]  jni_CallStaticVoidMethod+0x15d
C  [java+0x3931]  JavaMain+0x9c4
C  [libsystem_pthread.dylib+0x393b]  _pthread_body+0xb4
...<more frames>...

Java frames: (J=compiled Java code, j=interpreted, Vv=VM code)
J 1623  java.lang.ClassLoader._jr$jni$findBootstrapClass(Ljava/lang/String;)Ljava/lang/Class; (0 bytes) @ 0x000000010b7be1cc [0x000000010b7be180+0x4c]
J 2151 C1 java.lang.ClassLoader.loadClass(Ljava/lang/String;Z)Ljava/lang/Class; (135 bytes) @ 0x000000010b88bc2c [0x000000010b88b9e0+0x24c]
J 2151 C1 java.lang.ClassLoader.loadClass(Ljava/lang/String;Z)Ljava/lang/Class; (135 bytes) @ 0x000000010b88bbec [0x000000010b88b9e0+0x20c]
J 2486 C1 sun.misc.Launcher$AppClassLoader.loadClass(Ljava/lang/String;Z)Ljava/lang/Class; (95 bytes) @ 0x000000010b92b80c [0x000000010b92b560+0x2ac]
J 1120 C1 java.lang.ClassLoader.loadClass(Ljava/lang/String;)Ljava/lang/Class; (11 bytes) @ 0x000000010b6c411c [0x000000010b6c40c0+0x5c]
v  ~StubRoutines::call_stub
J 2550  java.lang.Class.forName0(Ljava/lang/String;ZLjava/lang/ClassLoader;Ljava/lang/Class;)Ljava/lang/Class; (0 bytes) @ 0x000000010b94b63a [0x000000010b94b5c0+0x7a]
J 2676 C1 java.lang.Class.forName(Ljava/lang/String;ZLjava/lang/ClassLoader;)Ljava/lang/Class; (53 bytes) @ 0x000000010b98b79c [0x000000010b98b4e0+0x2bc]
j  com.zeroturnaround.javarebel.rv.a(Ljava/lang/ClassLoader;Lcom/zeroturnaround/javarebel/flp;)Ljava/util/Set;+226
J 2905 C1 com.zeroturnaround.javarebel.rn.transform(Ljava/lang/ClassLoader;Ljava/lang/String;[BIILjava/security/ProtectionDomain;)[B (329 bytes) @ 0x000000010ba01fbc [0x000000010ba01840+0x77c]
J 2515 C1 java.lang.ClassLoader.defineClass(Ljava/lang/String;[BIILjava/security/ProtectionDomain;)Ljava/lang/Class; (141 bytes) @ 0x000000010b93f064 [0x000000010b93ef80+0xe4]
J 2751 C1 sun.reflect.GeneratedMethodAccessor2.invoke(Ljava/lang/Object;[Ljava/lang/Object;)Ljava/lang/Object; (245 bytes) @ 0x000000010b9c03cc [0x000000010b9bfe40+0x58c]
J 2349 C1 sun.reflect.DelegatingMethodAccessorImpl.invoke(Ljava/lang/Object;[Ljava/lang/Object;)Ljava/lang/Object; (141 bytes) @ 0x000000010b8e287c [0x000000010b8e24e0+0x39c]
J 2349 C1 sun.reflect.DelegatingMethodAccessorImpl.invoke(Ljava/lang/Object;[Ljava/lang/Object;)Ljava/lang/Object; (141 bytes) @ 0x000000010b8e284c [0x000000010b8e24e0+0x36c]
J 2452 C1 com.zeroturnaround.jrebelbase.facade.q.methodInvoke(Lsun/reflect/MethodAccessor;Ljava/lang/Object;[Ljava/lang/Object;Ljava/lang/reflect/Method;)Ljava/lang/Object; (52 bytes) @ 0x000000010b90fdc4 [0x000000010b90fd80+0x44]
J 2451 C1 java.lang.reflect.Method.invoke(Ljava/lang/Object;[Ljava/lang/Object;)Ljava/lang/Object; (61 bytes) @ 0x000000010b90f9a4 [0x000000010b90f860+0x144]
J 4576 C1 com.zeroturnaround.javarebel.ri.a(Ljava/lang/String;[BLjava/security/ProtectionDomain;Z)Ljava/lang/Class; (204 bytes) @ 0x000000010bc666c4 [0x000000010bc66200+0x4c4]
J 4575 C1 com.zeroturnaround.javarebel.ri.b(Ljava/lang/String;[BLjava/security/ProtectionDomain;Z)Ljava/lang/Class; (52 bytes) @ 0x000000010bc65844 [0x000000010bc65740+0x104]
J 4573 C1 com.zeroturnaround.javarebel.rp.a(Ljava/lang/String;Lorg/zeroturnaround/javarebel/Resource;)Ljava/lang/Class; (81 bytes) @ 0x000000010bc648c4 [0x000000010bc64640+0x284]
J 4572 C1 com.zeroturnaround.javarebel.sr.a(Lcom/zeroturnaround/javarebel/rp;)Ljava/lang/Class; (13 bytes) @ 0x000000010bc6425c [0x000000010bc64200+0x5c]
J 2737 C1 com.zeroturnaround.javarebel.rp.a(Ljava/lang/String;)Ljava/lang/Class; (366 bytes) @ 0x000000010b9b511c [0x000000010b9b4980+0x79c]
J 2665 C1 com.zeroturnaround.javarebel.SDKIntegrationImpl.findReloadableClass(Ljava/lang/ClassLoader;Ljava/lang/String;)Ljava/lang/Class; (135 bytes) @ 0x000000010b98622c [0x000000010b985e20+0x40c]
J 2557 C1 com.zeroturnaround.javarebel.td.findReloadableClass(Ljava/lang/ClassLoader;Ljava/lang/String;Ljava/security/AccessControlContext;)Ljava/lang/Class; (61 bytes) @ 0x000000010b94f864 [0x000000010b94f760+0x104]
J 2548 C1 java.net.URLClassLoader.findClass(Ljava/lang/String;)Ljava/lang/Class; (98 bytes) @ 0x000000010b94ba5c [0x000000010b94b9e0+0x7c]
j  java.lang.ClassLoader.loadClass(Ljava/lang/String;Z)Ljava/lang/Class;+77
J 2486 C1 sun.misc.Launcher$AppClassLoader.loadClass(Ljava/lang/String;Z)Ljava/lang/Class; (95 bytes) @ 0x000000010b92b80c [0x000000010b92b560+0x2ac]
J 1120 C1 java.lang.ClassLoader.loadClass(Ljava/lang/String;)Ljava/lang/Class; (11 bytes) @ 0x000000010b6c411c [0x000000010b6c40c0+0x5c]
v  ~StubRoutines::call_stub
j  org.springframework.beans.JrBeanReloader.<init>(Lorg/springframework/beans/factory/config/ConfigurableListableBeanFactory;)V+165
j  org.springframework.beans.factory.support.AbstractBeanFactory.<init>()V+176
j  org.springframework.beans.factory.support.AbstractAutowireCapableBeanFactory.<init>()V+1
j  org.springframework.beans.factory.support.DefaultListableBeanFactory.<init>()V+1
j  org.springframework.context.support.GenericApplicationContext.<init>()V+25
j  org.springframework.context.annotation.AnnotationConfigApplicationContext.<init>()V+1
v  ~StubRoutines::call_stub
J 1131  sun.reflect.NativeConstructorAccessorImpl.newInstance0(Ljava/lang/reflect/Constructor;[Ljava/lang/Object;)Ljava/lang/Object; (0 bytes) @ 0x000000010b6c7ea3 [0x000000010b6c7e40+0x63]
J 1130 C1 sun.reflect.NativeConstructorAccessorImpl.newInstance([Ljava/lang/Object;)Ljava/lang/Object; (89 bytes) @ 0x000000010b6c90e4 [0x000000010b6c8d80+0x364]
J 1023 C1 sun.reflect.DelegatingConstructorAccessorImpl.newInstance([Ljava/lang/Object;)Ljava/lang/Object; (136 bytes) @ 0x000000010b67e21c [0x000000010b67dea0+0x37c]
J 1023 C1 sun.reflect.DelegatingConstructorAccessorImpl.newInstance([Ljava/lang/Object;)Ljava/lang/Object; (136 bytes) @ 0x000000010b67e1f4 [0x000000010b67dea0+0x354]
J 1852 C1 com.zeroturnaround.jrebelbase.facade.q.a(Lsun/reflect/ConstructorAccessor;[Ljava/lang/Object;Ljava/lang/reflect/Constructor;Z)Ljava/lang/Object; (149 bytes) @ 0x000000010b816024 [0x000000010b815be0+0x444]
J 1853 C1 java.lang.reflect.Constructor.newInstance([Ljava/lang/Object;)Ljava/lang/Object; (95 bytes) @ 0x000000010b817e64 [0x000000010b817d20+0x144]
J 2621 C1 java.lang.Class.newInstance()Ljava/lang/Object; (187 bytes) @ 0x000000010b96deec [0x000000010b96da20+0x4cc]
j  org.springframework.beans.BeanUtils.instantiate(Ljava/lang/Class;)Ljava/lang/Object;+37
j  org.springframework.boot.SpringApplication.createApplicationContext()Lorg/springframework/context/ConfigurableApplicationContext;+53
j  org.springframework.boot.SpringApplication.run([Ljava/lang/String;)Lorg/springframework/context/ConfigurableApplicationContext;+68
j  org.springframework.boot.builder.SpringApplicationBuilder.run([Ljava/lang/String;)Lorg/springframework/context/ConfigurableApplicationContext;+52
j  org.springframework.cloud.bootstrap.BootstrapApplicationListener.bootstrapServiceContext(Lorg/springframework/core/env/ConfigurableEnvironment;Lorg/springframework/boot/SpringApplication;)Lorg/springframework/context/ConfigurableApplicationContext;+448
j  org.springframework.cloud.bootstrap.BootstrapApplicationListener.onApplicationEvent(Lorg/springframework/boot/context/event/ApplicationEnvironmentPreparedEvent;)V+54
j  org.springframework.cloud.bootstrap.BootstrapApplicationListener.onApplicationEvent(Lorg/springframework/context/ApplicationEvent;)V+15
j  org.springframework.context.event.SimpleApplicationEventMulticaster.invokeListener(Lorg/springframework/context/ApplicationListener;Lorg/springframework/context/ApplicationEvent;)V+38
j  org.springframework.context.event.SimpleApplicationEventMulticaster.multicastEvent(Lorg/springframework/context/ApplicationEvent;Lorg/springframework/core/ResolvableType;)V+95
j  org.springframework.context.event.SimpleApplicationEventMulticaster.multicastEvent(Lorg/springframework/context/ApplicationEvent;)V+11
j  org.springframework.boot.context.event.EventPublishingRunListener.environmentPrepared(Lorg/springframework/core/env/ConfigurableEnvironment;)V+24
j  org.springframework.boot.SpringApplicationRunListeners.environmentPrepared(Lorg/springframework/core/env/ConfigurableEnvironment;)V+41
j  org.springframework.boot.SpringApplication.prepareEnvironment(Lorg/springframework/boot/SpringApplicationRunListeners;Lorg/springframework/boot/ApplicationArguments;)Lorg/springframework/core/env/ConfigurableEnvironment;+18
j  org.springframework.boot.SpringApplication.run([Ljava/lang/String;)Lorg/springframework/context/ConfigurableApplicationContext;+54
j  org.springframework.boot.SpringApplication.run([Ljava/lang/Object;[Ljava/lang/String;)Lorg/springframework/context/ConfigurableApplicationContext;+9
j  org.springframework.boot.SpringApplication.run(Ljava/lang/Object;[Ljava/lang/String;)Lorg/springframework/context/ConfigurableApplicationContext;+9
j  com.wuchaooooo.study.SpringCloudServerApplication.main([Ljava/lang/String;)V+13
v  ~StubRoutines::call_stub

---------------  P R O C E S S  ---------------

Java Threads: ( => current thread )
  0x00007fdca2c8a000 JavaThread "rebel-spring-cleaner" daemon [_thread_blocked, id=5643, stack(0x00007000111b7000,0x00007000112b7000)]
  0x00007fdca1e53800 JavaThread "background-preinit" [_thread_in_native, id=25871, stack(0x000070000f7bb000,0x000070000f8bb000)]
  0x00007fdca1574800 JavaThread "process reaper" daemon [_thread_blocked, id=28935, stack(0x00007000117f4000,0x000070001181c000)]
  0x00007fdca1e17000 JavaThread "process reaper" daemon [_thread_blocked, id=5383, stack(0x00007000117c9000,0x00007000117f1000)]
  0x00007fdca24f7000 JavaThread "rebel-weak-reaper" daemon [_thread_blocked, id=28419, stack(0x00007000116c6000,0x00007000117c6000)]
  0x00007fdca1558800 JavaThread "rebel-change-detector-thread" daemon [_thread_blocked, id=27907, stack(0x00007000115c3000,0x00007000116c3000)]
  0x00007fdca1552000 JavaThread "rebel-debugger-thread" daemon [_thread_blocked, id=27395, stack(0x00007000114c0000,0x00007000115c0000)]
  0x00007fdca1551800 JavaThread "rebel-debugger-attach-notifier" daemon [_thread_blocked, id=26883, stack(0x00007000113bd000,0x00007000114bd000)]
  0x00007fdca24dc800 JavaThread "rebel-heartbeat-thread" daemon [_thread_blocked, id=26371, stack(0x00007000112ba000,0x00007000113ba000)]
  0x00007fdca154b800 JavaThread "rebel-redeploy-thread" daemon [_thread_blocked, id=22791, stack(0x0000700010c7d000,0x0000700010d7d000)]
  0x00007fdca1dc2000 JavaThread "Thread-9" daemon [_thread_in_native, id=21767, stack(0x0000700010b7a000,0x0000700010c7a000)]
  0x00007fdca140a800 JavaThread "rebel-messaging-executor-32" daemon [_thread_blocked, id=22279, stack(0x0000700010a77000,0x0000700010b77000)]
  0x00007fdca2beb800 JavaThread "rebel-fsnotify-ShutdownOnTermination" daemon [_thread_blocked, id=25351, stack(0x00007000110b4000,0x00007000111b4000)]
  0x00007fdca1cbb000 JavaThread "rebel-fsnotify-OutputReader" daemon [_thread_blocked, id=24839, stack(0x0000700010fb1000,0x00007000110b1000)]
  0x00007fdca13c6800 JavaThread "rebel-fsnotify-OutputReader" daemon [_thread_blocked, id=23815, stack(0x0000700010eae000,0x0000700010fae000)]
  0x00007fdca1cba800 JavaThread "process reaper" daemon [_thread_in_native, id=24327, stack(0x0000700010e83000,0x0000700010eab000)]
  0x00007fdca11f9000 JavaThread "rebel-CacheKeepAlive" daemon [_thread_blocked, id=23299, stack(0x0000700010d80000,0x0000700010e80000)]
  0x00007fdca11be000 JavaThread "rebel-logger" daemon [_thread_blocked, id=21251, stack(0x0000700010974000,0x0000700010a74000)]
  0x00007fdca29fc000 JavaThread "Service Thread" daemon [_thread_blocked, id=20227, stack(0x000070001076e000,0x000070001086e000)]
  0x00007fdca2a50000 JavaThread "C1 CompilerThread2" daemon [_thread_blocked, id=19715, stack(0x000070001066b000,0x000070001076b000)]
  0x00007fdca2a4f000 JavaThread "C2 CompilerThread1" daemon [_thread_blocked, id=19203, stack(0x0000700010568000,0x0000700010668000)]
  0x00007fdca1196000 JavaThread "C2 CompilerThread0" daemon [_thread_blocked, id=18691, stack(0x0000700010465000,0x0000700010565000)]
  0x00007fdca1048000 JavaThread "JDWP Command Reader" daemon [_thread_in_native, id=18179, stack(0x0000700010362000,0x0000700010462000)]
  0x00007fdca1047000 JavaThread "JDWP Event Helper Thread" daemon [_thread_blocked, id=17667, stack(0x000070001025f000,0x000070001035f000)]
  0x00007fdca1836800 JavaThread "JDWP Transport Listener: dt_socket" daemon [_thread_blocked, id=17155, stack(0x000070001015c000,0x000070001025c000)]
  0x00007fdca2851800 JavaThread "Signal Dispatcher" daemon [_thread_blocked, id=16643, stack(0x0000700010059000,0x0000700010159000)]
  0x00007fdca1002800 JavaThread "Finalizer" daemon [_thread_blocked, id=12291, stack(0x000070000fed3000,0x000070000ffd3000)]
  0x00007fdca2803800 JavaThread "Reference Handler" daemon [_thread_blocked, id=11779, stack(0x000070000fdd0000,0x000070000fed0000)]
=>0x00007fdca1806800 JavaThread "main" [_thread_in_native, id=3587, stack(0x000070000f6b8000,0x000070000f7b8000)]

Other Threads:
  0x00007fdca186f800 VMThread [stack: 0x000070000fccd000,0x000070000fdcd000] [id=11267]
  0x00007fdca1a71000 WatcherThread [stack: 0x0000700010871000,0x0000700010971000] [id=20739]

VM state:not at safepoint (normal execution)

VM Mutex/Monitor currently owned by a thread: None

Heap:
 PSYoungGen      total 135680K, used 84583K [0x0000000795580000, 0x00000007a1000000, 0x00000007c0000000)
  eden space 124416K, 62% used [0x0000000795580000,0x000000079a0fffa8,0x000000079cf00000)
  from space 11264K, 64% used [0x000000079cf00000,0x000000079d619fc0,0x000000079da00000)
  to   space 10752K, 0% used [0x00000007a0580000,0x00000007a0580000,0x00000007a1000000)
 ParOldGen       total 69632K, used 12553K [0x0000000740000000, 0x0000000744400000, 0x0000000795580000)
  object space 69632K, 18% used [0x0000000740000000,0x0000000740c42480,0x0000000744400000)
 Metaspace       used 32021K, capacity 33008K, committed 33200K, reserved 1079296K
  class space    used 3927K, capacity 4244K, committed 4272K, reserved 1048576K

Card table byte_map: [0x00000001021c0000,0x00000001025c1000] byte_map_base: 0x00000000fe7c0000

Marking Bits: (ParMarkBitMap*) 0x0000000100d36d30
 Begin Bits: [0x000000010286c000, 0x000000010486c000)
 End Bits:   [0x000000010486c000, 0x000000010686c000)

Polling page: 0x000000010142b000

CodeCache: size=245760Kb used=8863Kb max_used=8863Kb free=236896Kb
 bounds [0x000000010b41b000, 0x000000010bccb000, 0x000000011a41b000]
 total_blobs=4961 nmethods=4552 adapters=329
 compilation: enabled

Compilation events (10 events):
Event: 17.228 Thread 0x00007fdca2a50000 4776       1       com.sun.org.apache.xerces.internal.impl.XMLDocumentFragmentScannerImpl::_jr$ip$fEmptyElement (9 bytes)
Event: 17.228 Thread 0x00007fdca2a50000 nmethod 4776 0x000000010bcbce90 code [0x000000010bcbcfe0, 0x000000010bcbd110]
Event: 17.228 Thread 0x00007fdca2a50000 4777       1       com.sun.org.apache.xerces.internal.impl.XMLScanner::_jr$ig$attributeValueCache (8 bytes)
Event: 17.228 Thread 0x00007fdca2a50000 nmethod 4777 0x000000010bcbd1d0 code [0x000000010bcbd320, 0x000000010bcbd450]
Event: 17.228 Thread 0x00007fdca2a50000 4780       1       com.sun.org.apache.xerces.internal.impl.XMLEntityScanner::_jr$ig$whiteSpaceLen (8 bytes)
Event: 17.228 Thread 0x00007fdca2a50000 nmethod 4780 0x000000010bcbd510 code [0x000000010bcbd660, 0x000000010bcbd790]
Event: 17.228 Thread 0x00007fdca2a50000 4779   !   1       com.sun.org.apache.xerces.internal.impl.XMLDocumentFragmentScannerImpl$FragmentContentDriver::next (2358 bytes)
Event: 17.248 Thread 0x00007fdca2a50000 nmethod 4779 0x000000010bcbd850 code [0x000000010bcbde80, 0x000000010bcc01a8]
Event: 17.248 Thread 0x00007fdca2a50000 4778       1       java.util.concurrent.locks.ReentrantReadWriteLock$WriteLock::_jr$ig$sync (5 bytes)
Event: 17.248 Thread 0x00007fdca2a50000 nmethod 4778 0x000000010bcc3cd0 code [0x000000010bcc3e20, 0x000000010bcc3f10]

GC Heap History (10 events):
Event: 5.388 GC heap before
{Heap before GC invocations=4 (full 1):
 PSYoungGen      total 71680K, used 5102K [0x0000000795580000, 0x000000079e180000, 0x00000007c0000000)
  eden space 66560K, 0% used [0x0000000795580000,0x0000000795580000,0x0000000799680000)
  from space 5120K, 99% used [0x0000000799680000,0x0000000799b7b8e0,0x0000000799b80000)
  to   space 5120K, 0% used [0x000000079dc80000,0x000000079dc80000,0x000000079e180000)
 ParOldGen       total 87552K, used 10172K [0x0000000740000000, 0x0000000745580000, 0x0000000795580000)
  object space 87552K, 11% used [0x0000000740000000,0x00000007409ef0b8,0x0000000745580000)
 Metaspace       used 20182K, capacity 21142K, committed 21296K, reserved 1067008K
  class space    used 2510K, capacity 2821K, committed 2864K, reserved 1048576K
Event: 5.491 GC heap after
Heap after GC invocations=4 (full 1):
 PSYoungGen      total 71680K, used 0K [0x0000000795580000, 0x000000079e180000, 0x00000007c0000000)
  eden space 66560K, 0% used [0x0000000795580000,0x0000000795580000,0x0000000799680000)
  from space 5120K, 0% used [0x0000000799680000,0x0000000799680000,0x0000000799b80000)
  to   space 5120K, 0% used [0x000000079dc80000,0x000000079dc80000,0x000000079e180000)
 ParOldGen       total 69632K, used 12521K [0x0000000740000000, 0x0000000744400000, 0x0000000795580000)
  object space 69632K, 17% used [0x0000000740000000,0x0000000740c3a480,0x0000000744400000)
 Metaspace       used 20182K, capacity 21142K, committed 21296K, reserved 1067008K
  class space    used 2510K, capacity 2821K, committed 2864K, reserved 1048576K
}
Event: 7.882 GC heap before
{Heap before GC invocations=5 (full 1):
 PSYoungGen      total 71680K, used 66560K [0x0000000795580000, 0x000000079e180000, 0x00000007c0000000)
  eden space 66560K, 100% used [0x0000000795580000,0x0000000799680000,0x0000000799680000)
  from space 5120K, 0% used [0x0000000799680000,0x0000000799680000,0x0000000799b80000)
  to   space 5120K, 0% used [0x000000079dc80000,0x000000079dc80000,0x000000079e180000)
 ParOldGen       total 69632K, used 12521K [0x0000000740000000, 0x0000000744400000, 0x0000000795580000)
  object space 69632K, 17% used [0x0000000740000000,0x0000000740c3a480,0x0000000744400000)
 Metaspace       used 23020K, capacity 24022K, committed 24240K, reserved 1071104K
  class space    used 2877K, capacity 3205K, committed 3248K, reserved 1048576K
Event: 7.887 GC heap after
Heap after GC invocations=5 (full 1):
 PSYoungGen      total 94720K, used 2853K [0x0000000795580000, 0x000000079df80000, 0x00000007c0000000)
  eden space 91648K, 0% used [0x0000000795580000,0x0000000795580000,0x000000079af00000)
  from space 3072K, 92% used [0x000000079dc80000,0x000000079df49498,0x000000079df80000)
  to   space 5120K, 0% used [0x000000079d580000,0x000000079d580000,0x000000079da80000)
 ParOldGen       total 69632K, used 12529K [0x0000000740000000, 0x0000000744400000, 0x0000000795580000)
  object space 69632K, 17% used [0x0000000740000000,0x0000000740c3c480,0x0000000744400000)
 Metaspace       used 23020K, capacity 24022K, committed 24240K, reserved 1071104K
  class space    used 2877K, capacity 3205K, committed 3248K, reserved 1048576K
}
Event: 10.483 GC heap before
{Heap before GC invocations=6 (full 1):
 PSYoungGen      total 94720K, used 94501K [0x0000000795580000, 0x000000079df80000, 0x00000007c0000000)
  eden space 91648K, 100% used [0x0000000795580000,0x000000079af00000,0x000000079af00000)
  from space 3072K, 92% used [0x000000079dc80000,0x000000079df49498,0x000000079df80000)
  to   space 5120K, 0% used [0x000000079d580000,0x000000079d580000,0x000000079da80000)
 ParOldGen       total 69632K, used 12529K [0x0000000740000000, 0x0000000744400000, 0x0000000795580000)
  object space 69632K, 17% used [0x0000000740000000,0x0000000740c3c480,0x0000000744400000)
 Metaspace       used 25579K, capacity 26600K, committed 26928K, reserved 1073152K
  class space    used 3210K, capacity 3528K, committed 3632K, reserved 1048576K
Event: 10.502 GC heap after
Heap after GC invocations=6 (full 1):
 PSYoungGen      total 129024K, used 4317K [0x0000000795580000, 0x000000079e500000, 0x00000007c0000000)
  eden space 124416K, 0% used [0x0000000795580000,0x0000000795580000,0x000000079cf00000)
  from space 4608K, 93% used [0x000000079d580000,0x000000079d9b7738,0x000000079da00000)
  to   space 11264K, 0% used [0x000000079da00000,0x000000079da00000,0x000000079e500000)
 ParOldGen       total 69632K, used 12537K [0x0000000740000000, 0x0000000744400000, 0x0000000795580000)
  object space 69632K, 18% used [0x0000000740000000,0x0000000740c3e480,0x0000000744400000)
 Metaspace       used 25579K, capacity 26600K, committed 26928K, reserved 1073152K
  class space    used 3210K, capacity 3528K, committed 3632K, reserved 1048576K
}
Event: 14.093 GC heap before
{Heap before GC invocations=7 (full 1):
 PSYoungGen      total 129024K, used 128733K [0x0000000795580000, 0x000000079e500000, 0x00000007c0000000)
  eden space 124416K, 100% used [0x0000000795580000,0x000000079cf00000,0x000000079cf00000)
  from space 4608K, 93% used [0x000000079d580000,0x000000079d9b7738,0x000000079da00000)
  to   space 11264K, 0% used [0x000000079da00000,0x000000079da00000,0x000000079e500000)
 ParOldGen       total 69632K, used 12537K [0x0000000740000000, 0x0000000744400000, 0x0000000795580000)
  object space 69632K, 18% used [0x0000000740000000,0x0000000740c3e480,0x0000000744400000)
 Metaspace       used 28102K, capacity 29038K, committed 29488K, reserved 1075200K
  class space    used 3487K, capacity 3785K, committed 3888K, reserved 1048576K
Event: 14.112 GC heap after
Heap after GC invocations=7 (full 1):
 PSYoungGen      total 135680K, used 5100K [0x0000000795580000, 0x00000007a0c80000, 0x00000007c0000000)
  eden space 124416K, 0% used [0x0000000795580000,0x0000000795580000,0x000000079cf00000)
  from space 11264K, 45% used [0x000000079da00000,0x000000079defb3d0,0x000000079e500000)
  to   space 11264K, 0% used [0x000000079cf00000,0x000000079cf00000,0x000000079da00000)
 ParOldGen       total 69632K, used 12545K [0x0000000740000000, 0x0000000744400000, 0x0000000795580000)
  object space 69632K, 18% used [0x0000000740000000,0x0000000740c40480,0x0000000744400000)
 Metaspace       used 28102K, capacity 29038K, committed 29488K, reserved 1075200K
  class space    used 3487K, capacity 3785K, committed 3888K, reserved 1048576K
}
Event: 16.310 GC heap before
{Heap before GC invocations=8 (full 1):
 PSYoungGen      total 135680K, used 129516K [0x0000000795580000, 0x00000007a0c80000, 0x00000007c0000000)
  eden space 124416K, 100% used [0x0000000795580000,0x000000079cf00000,0x000000079cf00000)
  from space 11264K, 45% used [0x000000079da00000,0x000000079defb3d0,0x000000079e500000)
  to   space 11264K, 0% used [0x000000079cf00000,0x000000079cf00000,0x000000079da00000)
 ParOldGen       total 69632K, used 12545K [0x0000000740000000, 0x0000000744400000, 0x0000000795580000)
  object space 69632K, 18% used [0x0000000740000000,0x0000000740c40480,0x0000000744400000)
 Metaspace       used 30721K, capacity 31726K, committed 32048K, reserved 1077248K
  class space    used 3802K, capacity 4105K, committed 4144K, reserved 1048576K
Event: 16.345 GC heap after
Heap after GC invocations=8 (full 1):
 PSYoungGen      total 135680K, used 7271K [0x0000000795580000, 0x00000007a1000000, 0x00000007c0000000)
  eden space 124416K, 0% used [0x0000000795580000,0x0000000795580000,0x000000079cf00000)
  from space 11264K, 64% used [0x000000079cf00000,0x000000079d619fc0,0x000000079da00000)
  to   space 10752K, 0% used [0x00000007a0580000,0x00000007a0580000,0x00000007a1000000)
 ParOldGen       total 69632K, used 12553K [0x0000000740000000, 0x0000000744400000, 0x0000000795580000)
  object space 69632K, 18% used [0x0000000740000000,0x0000000740c42480,0x0000000744400000)
 Metaspace       used 30721K, capacity 31726K, committed 32048K, reserved 1077248K
  class space    used 3802K, capacity 4105K, committed 4144K, reserved 1048576K
}

Deoptimization events (0 events):
No events

Internal exceptions (10 events):
Event: 14.288 Thread 0x00007fdca1806800 Exception <a 'java/lang/ArrayIndexOutOfBoundsException'> (0x0000000795d70fa0) thrown at [/Users/java_re/workspace/8-2-build-macosx-x86_64/jdk8u121/8372/hotspot/src/share/vm/runtime/sharedRuntime.cpp, line 605]
Event: 14.288 Thread 0x00007fdca1806800 Exception <a 'java/lang/ArrayIndexOutOfBoundsException'> (0x0000000795d72100) thrown at [/Users/java_re/workspace/8-2-build-macosx-x86_64/jdk8u121/8372/hotspot/src/share/vm/runtime/sharedRuntime.cpp, line 605]
Event: 14.288 Thread 0x00007fdca1806800 Exception <a 'java/lang/ArrayIndexOutOfBoundsException'> (0x0000000795d73318) thrown at [/Users/java_re/workspace/8-2-build-macosx-x86_64/jdk8u121/8372/hotspot/src/share/vm/runtime/sharedRuntime.cpp, line 605]
Event: 14.289 Thread 0x00007fdca1806800 Exception <a 'java/lang/ArrayIndexOutOfBoundsException'> (0x0000000795d750f0) thrown at [/Users/java_re/workspace/8-2-build-macosx-x86_64/jdk8u121/8372/hotspot/src/share/vm/runtime/sharedRuntime.cpp, line 605]
Event: 14.290 Thread 0x00007fdca1806800 Exception <a 'java/lang/ArrayIndexOutOfBoundsException'> (0x0000000795d88ec0) thrown at [/Users/java_re/workspace/8-2-build-macosx-x86_64/jdk8u121/8372/hotspot/src/share/vm/runtime/sharedRuntime.cpp, line 605]
Event: 14.290 Thread 0x00007fdca1806800 Exception <a 'java/lang/ArrayIndexOutOfBoundsException'> (0x0000000795d8acc8) thrown at [/Users/java_re/workspace/8-2-build-macosx-x86_64/jdk8u121/8372/hotspot/src/share/vm/runtime/sharedRuntime.cpp, line 605]
Event: 14.290 Thread 0x00007fdca1806800 Exception <a 'java/lang/ArrayIndexOutOfBoundsException'> (0x0000000795d8cce8) thrown at [/Users/java_re/workspace/8-2-build-macosx-x86_64/jdk8u121/8372/hotspot/src/share/vm/runtime/sharedRuntime.cpp, line 605]
Event: 14.290 Thread 0x00007fdca1806800 Exception <a 'java/lang/ArrayIndexOutOfBoundsException'> (0x0000000795d8f008) thrown at [/Users/java_re/workspace/8-2-build-macosx-x86_64/jdk8u121/8372/hotspot/src/share/vm/runtime/sharedRuntime.cpp, line 605]
Event: 14.448 Thread 0x00007fdca1806800 Exception <a 'java/lang/ArrayIndexOutOfBoundsException'> (0x00000007961f3630) thrown at [/Users/java_re/workspace/8-2-build-macosx-x86_64/jdk8u121/8372/hotspot/src/share/vm/runtime/sharedRuntime.cpp, line 605]
Event: 14.449 Thread 0x00007fdca1806800 Exception <a 'java/lang/ArrayIndexOutOfBoundsException'> (0x00000007961f6ae8) thrown at [/Users/java_re/workspace/8-2-build-macosx-x86_64/jdk8u121/8372/hotspot/src/share/vm/runtime/sharedRuntime.cpp, line 605]

Events (10 events):
Event: 17.278 Thread 0x00007fdca2c8a000 Thread added: 0x00007fdca2c8a000
Event: 17.280 loading class org/springframework/beans/JrBeanReloader$1
Event: 17.280 loading class org/springframework/beans/JrBeanReloader$1 done
Event: 17.280 Thread 0x00007fdca1806800 DEOPT PACKING pc=0x000000010b94bc11 sp=0x000070000f7b4fe0
Event: 17.280 Thread 0x00007fdca1806800 DEOPT UNPACKING pc=0x000000010b462633 sp=0x000070000f7b4d70 mode 1
Event: 17.280 Thread 0x00007fdca1806800 DEOPT PACKING pc=0x000000010b88bc9c sp=0x000070000f7b5080
Event: 17.280 Thread 0x00007fdca1806800 DEOPT UNPACKING pc=0x000000010b462633 sp=0x000070000f7b4e30 mode 1
Event: 17.280 Thread 0x00007fdca1806800 DEOPT PACKING pc=0x000000010b88bbec sp=0x000070000f7b5180
Event: 17.280 Thread 0x00007fdca1806800 DEOPT UNPACKING pc=0x000000010b462633 sp=0x000070000f7b4f30 mode 1
Event: 17.280 loading class org/zeroturnaround/javarebel/integration/generic/ClassEventListenerAdapter


Dynamic libraries:
0x000000000dcde000 	/System/Library/Frameworks/Cocoa.framework/Versions/A/Cocoa
0x000000000dcde000 	/System/Library/Frameworks/Security.framework/Versions/A/Security
0x000000000dcde000 	/System/Library/Frameworks/ApplicationServices.framework/Versions/A/ApplicationServices
0x000000000dcde000 	/usr/lib/libz.1.dylib
0x000000000dcde000 	/usr/lib/libSystem.B.dylib
0x000000000dcde000 	/usr/lib/libobjc.A.dylib
0x000000000dcde000 	/System/Library/Frameworks/CoreFoundation.framework/Versions/A/CoreFoundation
0x000000000dcde000 	/System/Library/Frameworks/Foundation.framework/Versions/C/Foundation
0x000000000dcde000 	/System/Library/Frameworks/AppKit.framework/Versions/C/AppKit
0x000000000dcde000 	/System/Library/Frameworks/CoreData.framework/Versions/A/CoreData
0x000000000dcde000 	/System/Library/PrivateFrameworks/RemoteViewServices.framework/Versions/A/RemoteViewServices
0x000000000dcde000 	/System/Library/PrivateFrameworks/UIFoundation.framework/Versions/A/UIFoundation
0x000000000dcde000 	/System/Library/PrivateFrameworks/DFRFoundation.framework/Versions/A/DFRFoundation
0x000000000dcde000 	/usr/lib/libenergytrace.dylib
0x000000000dcde000 	/System/Library/PrivateFrameworks/SkyLight.framework/Versions/A/SkyLight
0x000000000dcde000 	/System/Library/Frameworks/CoreGraphics.framework/Versions/A/CoreGraphics
0x000000000dcde000 	/usr/lib/libScreenReader.dylib
0x000000000dcde000 	/System/Library/Frameworks/Accelerate.framework/Versions/A/Accelerate
0x000000000dcde000 	/System/Library/Frameworks/IOSurface.framework/Versions/A/IOSurface
0x000000000dcde000 	/System/Library/Frameworks/AudioToolbox.framework/Versions/A/AudioToolbox
0x000000000dcde000 	/System/Library/Frameworks/AudioUnit.framework/Versions/A/AudioUnit
0x000000000dcde000 	/System/Library/PrivateFrameworks/DataDetectorsCore.framework/Versions/A/DataDetectorsCore
0x000000000dcde000 	/System/Library/PrivateFrameworks/DesktopServicesPriv.framework/Versions/A/DesktopServicesPriv
0x000000000dcde000 	/System/Library/Frameworks/Carbon.framework/Versions/A/Frameworks/HIToolbox.framework/Versions/A/HIToolbox
0x000000000dcde000 	/usr/lib/libicucore.A.dylib
0x000000000dcde000 	/System/Library/Frameworks/QuartzCore.framework/Versions/A/QuartzCore
0x000000000dcde000 	/System/Library/Frameworks/Carbon.framework/Versions/A/Frameworks/SpeechRecognition.framework/Versions/A/SpeechRecognition
0x000000000dcde000 	/usr/lib/libauto.dylib
0x000000000dcde000 	/usr/lib/libxml2.2.dylib
0x000000000dcde000 	/System/Library/PrivateFrameworks/CoreUI.framework/Versions/A/CoreUI
0x000000000dcde000 	/System/Library/Frameworks/CoreAudio.framework/Versions/A/CoreAudio
0x000000000dcde000 	/System/Library/Frameworks/DiskArbitration.framework/Versions/A/DiskArbitration
0x000000000dcde000 	/usr/lib/liblangid.dylib
0x000000000dcde000 	/System/Library/PrivateFrameworks/MultitouchSupport.framework/Versions/A/MultitouchSupport
0x000000000dcde000 	/System/Library/Frameworks/IOKit.framework/Versions/A/IOKit
0x000000000dcde000 	/usr/lib/libDiagnosticMessagesClient.dylib
0x000000000dcde000 	/System/Library/Frameworks/CoreServices.framework/Versions/A/CoreServices
0x000000000dcde000 	/System/Library/PrivateFrameworks/PerformanceAnalysis.framework/Versions/A/PerformanceAnalysis
0x000000000dcde000 	/System/Library/PrivateFrameworks/GenerationalStorage.framework/Versions/A/GenerationalStorage
0x000000000dcde000 	/System/Library/Frameworks/OpenGL.framework/Versions/A/OpenGL
0x000000000dcde000 	/System/Library/Frameworks/CoreImage.framework/Versions/A/CoreImage
0x000000000dcde000 	/System/Library/Frameworks/CoreText.framework/Versions/A/CoreText
0x000000000dcde000 	/System/Library/Frameworks/ImageIO.framework/Versions/A/ImageIO
0x000000000dcde000 	/System/Library/PrivateFrameworks/Backup.framework/Versions/A/Backup
0x000000000dcde000 	/usr/lib/libarchive.2.dylib
0x000000000dcde000 	/System/Library/Frameworks/CFNetwork.framework/Versions/A/CFNetwork
0x000000000dcde000 	/System/Library/Frameworks/SystemConfiguration.framework/Versions/A/SystemConfiguration
0x000000000dcde000 	/usr/lib/libCRFSuite.dylib
0x000000000dcde000 	/usr/lib/libc++.1.dylib
0x000000000dcde000 	/usr/lib/libc++abi.dylib
0x000000000dcde000 	/usr/lib/system/libcache.dylib
0x000000000dcde000 	/usr/lib/system/libcommonCrypto.dylib
0x000000000dcde000 	/usr/lib/system/libcompiler_rt.dylib
0x000000000dcde000 	/usr/lib/system/libcopyfile.dylib
0x000000000dcde000 	/usr/lib/system/libcorecrypto.dylib
0x000000000dcde000 	/usr/lib/system/libdispatch.dylib
0x000000000dcde000 	/usr/lib/system/libdyld.dylib
0x000000000dcde000 	/usr/lib/system/libkeymgr.dylib
0x000000000dcde000 	/usr/lib/system/liblaunch.dylib
0x000000000dcde000 	/usr/lib/system/libmacho.dylib
0x000000000dcde000 	/usr/lib/system/libquarantine.dylib
0x000000000dcde000 	/usr/lib/system/libremovefile.dylib
0x000000000dcde000 	/usr/lib/system/libsystem_asl.dylib
0x000000000dcde000 	/usr/lib/system/libsystem_blocks.dylib
0x000000000dcde000 	/usr/lib/system/libsystem_c.dylib
0x000000000dcde000 	/usr/lib/system/libsystem_configuration.dylib
0x000000000dcde000 	/usr/lib/system/libsystem_coreservices.dylib
0x000000000dcde000 	/usr/lib/system/libsystem_coretls.dylib
0x000000000dcde000 	/usr/lib/system/libsystem_dnssd.dylib
0x000000000dcde000 	/usr/lib/system/libsystem_info.dylib
0x000000000dcde000 	/usr/lib/system/libsystem_kernel.dylib
0x000000000dcde000 	/usr/lib/system/libsystem_m.dylib
0x000000000dcde000 	/usr/lib/system/libsystem_malloc.dylib
0x000000000dcde000 	/usr/lib/system/libsystem_network.dylib
0x000000000dcde000 	/usr/lib/system/libsystem_networkextension.dylib
0x000000000dcde000 	/usr/lib/system/libsystem_notify.dylib
0x000000000dcde000 	/usr/lib/system/libsystem_platform.dylib
0x000000000dcde000 	/usr/lib/system/libsystem_pthread.dylib
0x000000000dcde000 	/usr/lib/system/libsystem_sandbox.dylib
0x000000000dcde000 	/usr/lib/system/libsystem_secinit.dylib
0x000000000dcde000 	/usr/lib/system/libsystem_symptoms.dylib
0x000000000dcde000 	/usr/lib/system/libsystem_trace.dylib
0x000000000dcde000 	/usr/lib/system/libunwind.dylib
0x000000000dcde000 	/usr/lib/system/libxpc.dylib
0x000000000dcde000 	/usr/lib/libbsm.0.dylib
0x000000000dcde000 	/usr/lib/system/libkxld.dylib
0x000000000dcde000 	/usr/lib/libcoretls.dylib
0x000000000dcde000 	/usr/lib/libcoretls_cfhelpers.dylib
0x000000000dcde000 	/usr/lib/libOpenScriptingUtil.dylib
0x000000000dcde000 	/usr/lib/libpam.2.dylib
0x000000000dcde000 	/usr/lib/libsqlite3.dylib
0x000000000dcde000 	/usr/lib/libxar.1.dylib
0x000000000dcde000 	/usr/lib/libbz2.1.0.dylib
0x000000000dcde000 	/usr/lib/liblzma.5.dylib
0x000000000dcde000 	/usr/lib/libnetwork.dylib
0x000000000dcde000 	/usr/lib/libpcap.A.dylib
0x000000000dcde000 	/System/Library/Frameworks/CoreServices.framework/Versions/A/Frameworks/FSEvents.framework/Versions/A/FSEvents
0x000000000dcde000 	/System/Library/Frameworks/CoreServices.framework/Versions/A/Frameworks/CarbonCore.framework/Versions/A/CarbonCore
0x000000000dcde000 	/System/Library/Frameworks/CoreServices.framework/Versions/A/Frameworks/Metadata.framework/Versions/A/Metadata
0x000000000dcde000 	/System/Library/Frameworks/CoreServices.framework/Versions/A/Frameworks/OSServices.framework/Versions/A/OSServices
0x000000000dcde000 	/System/Library/Frameworks/CoreServices.framework/Versions/A/Frameworks/SearchKit.framework/Versions/A/SearchKit
0x000000000dcde000 	/System/Library/Frameworks/CoreServices.framework/Versions/A/Frameworks/AE.framework/Versions/A/AE
0x000000000dcde000 	/System/Library/Frameworks/CoreServices.framework/Versions/A/Frameworks/LaunchServices.framework/Versions/A/LaunchServices
0x000000000dcde000 	/System/Library/Frameworks/CoreServices.framework/Versions/A/Frameworks/DictionaryServices.framework/Versions/A/DictionaryServices
0x000000000dcde000 	/System/Library/Frameworks/CoreServices.framework/Versions/A/Frameworks/SharedFileList.framework/Versions/A/SharedFileList
0x000000000dcde000 	/System/Library/Frameworks/NetFS.framework/Versions/A/NetFS
0x000000000dcde000 	/System/Library/PrivateFrameworks/NetAuth.framework/Versions/A/NetAuth
0x000000000dcde000 	/System/Library/PrivateFrameworks/login.framework/Versions/A/Frameworks/loginsupport.framework/Versions/A/loginsupport
0x000000000dcde000 	/System/Library/PrivateFrameworks/TCC.framework/Versions/A/TCC
0x000000000dcde000 	/usr/lib/libmecabra.dylib
0x000000000dcde000 	/System/Library/Frameworks/ApplicationServices.framework/Versions/A/Frameworks/ATS.framework/Versions/A/ATS
0x000000000dcde000 	/System/Library/Frameworks/ApplicationServices.framework/Versions/A/Frameworks/ColorSync.framework/Versions/A/ColorSync
0x000000000dcde000 	/System/Library/Frameworks/ApplicationServices.framework/Versions/A/Frameworks/HIServices.framework/Versions/A/HIServices
0x000000000dcde000 	/System/Library/Frameworks/ApplicationServices.framework/Versions/A/Frameworks/LangAnalysis.framework/Versions/A/LangAnalysis
0x000000000dcde000 	/System/Library/Frameworks/ApplicationServices.framework/Versions/A/Frameworks/PrintCore.framework/Versions/A/PrintCore
0x000000000dcde000 	/System/Library/Frameworks/ApplicationServices.framework/Versions/A/Frameworks/QD.framework/Versions/A/QD
0x000000000dcde000 	/System/Library/Frameworks/ApplicationServices.framework/Versions/A/Frameworks/SpeechSynthesis.framework/Versions/A/SpeechSynthesis
0x000000000dcde000 	/System/Library/Frameworks/Accelerate.framework/Versions/A/Frameworks/vImage.framework/Versions/A/vImage
0x000000000dcde000 	/System/Library/Frameworks/Accelerate.framework/Versions/A/Frameworks/vecLib.framework/Versions/A/vecLib
0x000000000dcde000 	/System/Library/Frameworks/Accelerate.framework/Versions/A/Frameworks/vecLib.framework/Versions/A/libvDSP.dylib
0x000000000dcde000 	/System/Library/Frameworks/Accelerate.framework/Versions/A/Frameworks/vecLib.framework/Versions/A/libBNNS.dylib
0x000000000dcde000 	/System/Library/Frameworks/Accelerate.framework/Versions/A/Frameworks/vecLib.framework/Versions/A/libQuadrature.dylib
0x000000000dcde000 	/System/Library/Frameworks/Accelerate.framework/Versions/A/Frameworks/vecLib.framework/Versions/A/libvMisc.dylib
0x000000000dcde000 	/System/Library/Frameworks/Accelerate.framework/Versions/A/Frameworks/vecLib.framework/Versions/A/libLAPACK.dylib
0x000000000dcde000 	/System/Library/Frameworks/Accelerate.framework/Versions/A/Frameworks/vecLib.framework/Versions/A/libBLAS.dylib
0x000000000dcde000 	/System/Library/Frameworks/Accelerate.framework/Versions/A/Frameworks/vecLib.framework/Versions/A/libLinearAlgebra.dylib
0x000000000dcde000 	/System/Library/Frameworks/Accelerate.framework/Versions/A/Frameworks/vecLib.framework/Versions/A/libSparseBLAS.dylib
0x000000000dcde000 	/System/Library/Frameworks/ApplicationServices.framework/Versions/A/Frameworks/ATS.framework/Versions/A/Resources/libFontParser.dylib
0x000000000dcde000 	/System/Library/Frameworks/ApplicationServices.framework/Versions/A/Frameworks/ATS.framework/Versions/A/Resources/libFontRegistry.dylib
0x000000000dcde000 	/System/Library/Frameworks/ImageIO.framework/Versions/A/Resources/libJPEG.dylib
0x000000000dcde000 	/System/Library/Frameworks/ImageIO.framework/Versions/A/Resources/libTIFF.dylib
0x000000000dcde000 	/System/Library/Frameworks/ImageIO.framework/Versions/A/Resources/libPng.dylib
0x000000000dcde000 	/System/Library/Frameworks/ImageIO.framework/Versions/A/Resources/libGIF.dylib
0x000000000dcde000 	/System/Library/Frameworks/ImageIO.framework/Versions/A/Resources/libJP2.dylib
0x000000000dcde000 	/System/Library/Frameworks/ImageIO.framework/Versions/A/Resources/libRadiance.dylib
0x000000000dcde000 	/usr/lib/libcompression.dylib
0x000000000dcde000 	/System/Library/PrivateFrameworks/AppleJPEG.framework/Versions/A/AppleJPEG
0x000000000dcde000 	/usr/lib/libcups.2.dylib
0x000000000dcde000 	/System/Library/Frameworks/Kerberos.framework/Versions/A/Kerberos
0x000000000dcde000 	/System/Library/Frameworks/GSS.framework/Versions/A/GSS
0x000000000dcde000 	/usr/lib/libresolv.9.dylib
0x000000000dcde000 	/usr/lib/libiconv.2.dylib
0x000000000dcde000 	/System/Library/PrivateFrameworks/Heimdal.framework/Versions/A/Heimdal
0x000000000dcde000 	/usr/lib/libheimdal-asn1.dylib
0x000000000dcde000 	/System/Library/Frameworks/OpenDirectory.framework/Versions/A/OpenDirectory
0x000000000dcde000 	/System/Library/PrivateFrameworks/CommonAuth.framework/Versions/A/CommonAuth
0x000000000dcde000 	/System/Library/Frameworks/OpenDirectory.framework/Versions/A/Frameworks/CFOpenDirectory.framework/Versions/A/CFOpenDirectory
0x000000000dcde000 	/System/Library/Frameworks/SecurityFoundation.framework/Versions/A/SecurityFoundation
0x000000000dcde000 	/System/Library/PrivateFrameworks/LanguageModeling.framework/Versions/A/LanguageModeling
0x000000000dcde000 	/usr/lib/libmarisa.dylib
0x000000000dcde000 	/usr/lib/libChineseTokenizer.dylib
0x000000000dcde000 	/usr/lib/libcmph.dylib
0x000000000dcde000 	/System/Library/PrivateFrameworks/CoreEmoji.framework/Versions/A/CoreEmoji
0x000000000dcde000 	/System/Library/Frameworks/ServiceManagement.framework/Versions/A/ServiceManagement
0x000000000dcde000 	/usr/lib/libxslt.1.dylib
0x000000000dcde000 	/System/Library/Frameworks/Carbon.framework/Versions/A/Frameworks/Ink.framework/Versions/A/Ink
0x000000000dcde000 	/System/Library/PrivateFrameworks/TextureIO.framework/Versions/A/TextureIO
0x000000000dcde000 	/System/Library/Frameworks/Metal.framework/Versions/A/Metal
0x000000000dcde000 	/usr/lib/libate.dylib
0x000000000dcde000 	/System/Library/PrivateFrameworks/GPUCompiler.framework/libmetal_timestamp.dylib
0x000000000dcde000 	/System/Library/Frameworks/OpenGL.framework/Versions/A/Libraries/libCoreFSCache.dylib
0x000000000dcde000 	/System/Library/PrivateFrameworks/IOAccelerator.framework/Versions/A/IOAccelerator
0x000000000dcde000 	/System/Library/Frameworks/CoreVideo.framework/Versions/A/CoreVideo
0x000000000dcde000 	/usr/lib/libFosl_dynamic.dylib
0x000000000dcde000 	/System/Library/PrivateFrameworks/MetalPerformanceShaders.framework/Versions/A/MetalPerformanceShaders
0x000000000dcde000 	/System/Library/PrivateFrameworks/FaceCore.framework/Versions/A/FaceCore
0x000000000dcde000 	/System/Library/Frameworks/OpenCL.framework/Versions/A/OpenCL
0x000000000dcde000 	/System/Library/Frameworks/OpenGL.framework/Versions/A/Libraries/libGLU.dylib
0x000000000dcde000 	/System/Library/Frameworks/OpenGL.framework/Versions/A/Libraries/libGFXShared.dylib
0x000000000dcde000 	/System/Library/Frameworks/OpenGL.framework/Versions/A/Libraries/libGL.dylib
0x000000000dcde000 	/System/Library/Frameworks/OpenGL.framework/Versions/A/Libraries/libGLImage.dylib
0x000000000dcde000 	/System/Library/Frameworks/OpenGL.framework/Versions/A/Libraries/libCVMSPluginSupport.dylib
0x000000000dcde000 	/System/Library/Frameworks/OpenGL.framework/Versions/A/Libraries/libCoreVMClient.dylib
0x000000000dcde000 	/System/Library/PrivateFrameworks/CrashReporterSupport.framework/Versions/A/CrashReporterSupport
0x000000000dcde000 	/System/Library/PrivateFrameworks/Sharing.framework/Versions/A/Sharing
0x000000000dcde000 	/System/Library/PrivateFrameworks/IconServices.framework/Versions/A/IconServices
0x000000000dcde000 	/System/Library/PrivateFrameworks/ProtocolBuffer.framework/Versions/A/ProtocolBuffer
0x000000000dcde000 	/System/Library/PrivateFrameworks/Apple80211.framework/Versions/A/Apple80211
0x000000000dcde000 	/System/Library/Frameworks/CoreWLAN.framework/Versions/A/CoreWLAN
0x000000000dcde000 	/System/Library/PrivateFrameworks/CoreUtils.framework/Versions/A/CoreUtils
0x000000000dcde000 	/System/Library/Frameworks/IOBluetooth.framework/Versions/A/IOBluetooth
0x000000000dcde000 	/System/Library/PrivateFrameworks/CoreWiFi.framework/Versions/A/CoreWiFi
0x000000000dcde000 	/System/Library/Frameworks/CoreBluetooth.framework/Versions/A/CoreBluetooth
0x000000000dcde000 	/System/Library/Frameworks/CoreDisplay.framework/Versions/A/CoreDisplay
0x000000000dcde000 	/System/Library/PrivateFrameworks/IOPresentment.framework/Versions/A/IOPresentment
0x000000000dcde000 	/System/Library/PrivateFrameworks/DSExternalDisplay.framework/Versions/A/DSExternalDisplay
0x000000000dcde000 	/System/Library/PrivateFrameworks/DebugSymbols.framework/Versions/A/DebugSymbols
0x000000000dcde000 	/System/Library/PrivateFrameworks/CoreSymbolication.framework/Versions/A/CoreSymbolication
0x000000000dcde000 	/System/Library/PrivateFrameworks/Symbolication.framework/Versions/A/Symbolication
0x000000000dcde000 	/System/Library/PrivateFrameworks/AppleFSCompression.framework/Versions/A/AppleFSCompression
0x000000000dcde000 	/System/Library/PrivateFrameworks/SpeechRecognitionCore.framework/Versions/A/SpeechRecognitionCore
0x000000000dcde000 	/System/Library/PrivateFrameworks/ChunkingLibrary.framework/Versions/A/ChunkingLibrary
0x0000000100446000 	/Library/Java/JavaVirtualMachines/jdk1.8.0_121.jdk/Contents/Home/jre/lib/server/libjvm.dylib
0x000000000dcde000 	/usr/lib/libstdc++.6.dylib
0x00000001013e8000 	/Library/Java/JavaVirtualMachines/jdk1.8.0_121.jdk/Contents/Home/jre/lib/libverify.dylib
0x00000001013f6000 	/Library/Java/JavaVirtualMachines/jdk1.8.0_121.jdk/Contents/Home/jre/lib/libjava.dylib
0x000000010142c000 	/Library/Java/JavaVirtualMachines/jdk1.8.0_121.jdk/Contents/Home/jre/lib/libjdwp.dylib
0x0000000101477000 	/Library/Java/JavaVirtualMachines/jdk1.8.0_121.jdk/Contents/Home/jre/lib/libnpt.dylib
0x000000010147b000 	/var/folders/nt/g_6z1b011sg9p3769p1ptsn00000gn/T/jrebel6-temp/lib/libjrebel64.dylib
0x0000000101562000 	/Library/Java/JavaVirtualMachines/jdk1.8.0_121.jdk/Contents/Home/jre/lib/libzip.dylib
0x000000010875f000 	/System/Library/Frameworks/JavaVM.framework/Frameworks/JavaRuntimeSupport.framework/JavaRuntimeSupport
0x0000000108779000 	/System/Library/Frameworks/JavaVM.framework/Versions/A/Frameworks/JavaNativeFoundation.framework/Versions/A/JavaNativeFoundation
0x000000010878e000 	/System/Library/Frameworks/JavaVM.framework/Versions/A/JavaVM
0x000000000dcde000 	/System/Library/Frameworks/Carbon.framework/Versions/A/Carbon
0x000000010879b000 	/System/Library/PrivateFrameworks/JavaLaunching.framework/Versions/A/JavaLaunching
0x000000000dcde000 	/System/Library/Frameworks/Carbon.framework/Versions/A/Frameworks/CommonPanels.framework/Versions/A/CommonPanels
0x000000000dcde000 	/System/Library/Frameworks/Carbon.framework/Versions/A/Frameworks/Help.framework/Versions/A/Help
0x000000000dcde000 	/System/Library/Frameworks/Carbon.framework/Versions/A/Frameworks/ImageCapture.framework/Versions/A/ImageCapture
0x000000000dcde000 	/System/Library/Frameworks/Carbon.framework/Versions/A/Frameworks/OpenScripting.framework/Versions/A/OpenScripting
0x000000000dcde000 	/System/Library/Frameworks/Carbon.framework/Versions/A/Frameworks/Print.framework/Versions/A/Print
0x000000000dcde000 	/System/Library/Frameworks/Carbon.framework/Versions/A/Frameworks/SecurityHI.framework/Versions/A/SecurityHI
0x000000010a0a0000 	/Library/Java/JavaVirtualMachines/jdk1.8.0_121.jdk/Contents/Home/jre/lib/libdt_socket.dylib
0x000000010a528000 	/Library/Java/JavaVirtualMachines/jdk1.8.0_121.jdk/Contents/Home/jre/lib/libmanagement.dylib
0x000000010a536000 	/Library/Java/JavaVirtualMachines/jdk1.8.0_121.jdk/Contents/Home/jre/lib/libnet.dylib
0x000000010a595000 	/Library/Java/JavaVirtualMachines/jdk1.8.0_121.jdk/Contents/Home/jre/lib/libnio.dylib
0x000000010ab0f000 	/Library/Java/JavaVirtualMachines/jdk1.8.0_121.jdk/Contents/Home/jre/lib/libsunec.dylib

VM Arguments:
jvm_args: -agentlib:jdwp=transport=dt_socket,address=127.0.0.1:52779,suspend=y,server=n -Drebel.base=/Users/wuchaooooo/.jrebel -Drebel.env.ide.plugin.version=7.0.10 -Drebel.env.ide.version=2017.1.4 -Drebel.env.ide.product=IU -Drebel.env.ide=intellij -Drebel.notification.url=http://localhost:17434 -agentpath:/var/folders/nt/g_6z1b011sg9p3769p1ptsn00000gn/T/jrebel6-temp/lib/libjrebel64.dylib -XX:TieredStopAtLevel=1 -Xverify:none -Dspring.output.ansi.enabled=always -Dfile.encoding=UTF-8 
java_command: com.wuchaooooo.study.SpringCloudServerApplication
java_class_path (initial): /Library/Java/JavaVirtualMachines/jdk1.8.0_121.jdk/Contents/Home/jre/lib/charsets.jar:/Library/Java/JavaVirtualMachines/jdk1.8.0_121.jdk/Contents/Home/jre/lib/deploy.jar:/Library/Java/JavaVirtualMachines/jdk1.8.0_121.jdk/Contents/Home/jre/lib/ext/cldrdata.jar:/Library/Java/JavaVirtualMachines/jdk1.8.0_121.jdk/Contents/Home/jre/lib/ext/dnsns.jar:/Library/Java/JavaVirtualMachines/jdk1.8.0_121.jdk/Contents/Home/jre/lib/ext/jaccess.jar:/Library/Java/JavaVirtualMachines/jdk1.8.0_121.jdk/Contents/Home/jre/lib/ext/jfxrt.jar:/Library/Java/JavaVirtualMachines/jdk1.8.0_121.jdk/Contents/Home/jre/lib/ext/localedata.jar:/Library/Java/JavaVirtualMachines/jdk1.8.0_121.jdk/Contents/Home/jre/lib/ext/nashorn.jar:/Library/Java/JavaVirtualMachines/jdk1.8.0_121.jdk/Contents/Home/jre/lib/ext/sunec.jar:/Library/Java/JavaVirtualMachines/jdk1.8.0_121.jdk/Contents/Home/jre/lib/ext/sunjce_provider.jar:/Library/Java/JavaVirtualMachines/jdk1.8.0_121.jdk/Contents/Home/jre/lib/ext/sunpkcs11.jar:/Library/Java/JavaVirtualMachines/jdk1.8.0_121.jdk/Contents/Home/jre/lib/ext/zipfs.jar:/Library/Java/JavaVirtualMachines/jdk1.8.0_121.jdk/Contents/Home/jre/lib/javaws.jar:/Library/Java/JavaVirtualMachines/jdk1.8.0_121.jdk/Contents/Home/jre/lib/jce.jar:/Library/Java/JavaVirtualMachines/jdk1.8.0_121.jdk/Contents/Home/jre/lib/jfr.jar:/Library/Java/JavaVirtualMachines/jdk1.8.0_121.jdk/Contents/Home/jre/lib/jfxswt.jar:/Library/Java/JavaVirtualMachines/jdk1.8.0_121.jdk/Contents/Home/jre/lib/jsse.jar:/Library/Java/JavaVirtualMachines/jdk1.8.0_121.jdk/Contents/Home/jre/lib/management-agent.jar:/Library/Java/JavaVirtualMachines/jdk1.8.0_121.jdk/Contents/Home/jre/lib/plugin.jar:/Library/Java/JavaVirtualMachines/jdk1.8.0_121.jdk/Contents/Home/jre/lib/resources.jar:/Library/Java/JavaVirtualMachines/jdk1.8.0_121.jdk/Contents/Home/jre/lib/rt.jar:/Library/Java/JavaVirtualMachines/jdk1.8.0_121.jdk/Contents/Home/lib/ant-javafx.jar:/Library/Java/JavaVirtualMachines/jdk1.8.0_121.jdk/Contents/Home
Launcher Type: SUN_STANDARD

Environment Variables:
JAVA_HOME=/Library/Java/JavaVirtualMachines/jdk1.8.0_121.jdk/Contents/Home
PATH=.;/usr/local/bin:/usr/local/bin:/usr/bin:/bin:/usr/sbin:/sbin:/usr/local/mysql/bin:/Library/Java/JavaVirtualMachines/jdk1.8.0_121.jdk/Contents/Home/bin

# maven
export M2_HOME=/usr/local/Cellar/maven/3.5.0
export PATH=/usr/local/bin:/usr/local/bin:/usr/bin:/bin:/usr/sbin:/sbin:/usr/local/mysql/bin:/bin
SHELL=/bin/bash

Signal Handlers:
SIGSEGV: [libjvm.dylib+0x5b1141], sa_mask[0]=11111111011111110111111111111111, sa_flags=SA_ONSTACK|SA_RESTART|SA_SIGINFO
SIGBUS: [libjvm.dylib+0x5b1141], sa_mask[0]=11111111011111110111111111111111, sa_flags=SA_RESTART|SA_SIGINFO
SIGFPE: [libjvm.dylib+0x487bc4], sa_mask[0]=11111111011111110111111111111111, sa_flags=SA_RESTART|SA_SIGINFO
SIGPIPE: [libjvm.dylib+0x487bc4], sa_mask[0]=11111111011111110111111111111111, sa_flags=SA_RESTART|SA_SIGINFO
SIGXFSZ: [libjvm.dylib+0x487bc4], sa_mask[0]=11111111011111110111111111111111, sa_flags=SA_RESTART|SA_SIGINFO
SIGILL: [libjvm.dylib+0x487bc4], sa_mask[0]=11111111011111110111111111111111, sa_flags=SA_RESTART|SA_SIGINFO
SIGUSR1: SIG_DFL, sa_mask[0]=00000000000000000000000000000000, sa_flags=none
SIGUSR2: [libjvm.dylib+0x4876e2], sa_mask[0]=00100000000000000000000000000000, sa_flags=SA_RESTART|SA_SIGINFO
SIGHUP: [libjvm.dylib+0x485cb9], sa_mask[0]=11111111011111110111111111111111, sa_flags=SA_RESTART|SA_SIGINFO
SIGINT: [libjvm.dylib+0x485cb9], sa_mask[0]=11111111011111110111111111111111, sa_flags=SA_RESTART|SA_SIGINFO
SIGTERM: [libjvm.dylib+0x485cb9], sa_mask[0]=11111111011111110111111111111111, sa_flags=SA_RESTART|SA_SIGINFO
SIGQUIT: [libjvm.dylib+0x485cb9], sa_mask[0]=11111111011111110111111111111111, sa_flags=SA_RESTART|SA_SIGINFO


---------------  S Y S T E M  ---------------

OS:Bsduname:Darwin 16.6.0 Darwin Kernel Version 16.6.0: Fri Apr 14 16:21:16 PDT 2017; root:xnu-3789.60.24~6/RELEASE_X86_64 x86_64
rlimit: STACK 8192k, CORE 0k, NPROC 709, NOFILE 10240, AS infinity
load average:7.89 4.89 5.22

CPU:total 4 (2 cores per cpu, 2 threads per core) family 6 model 61 stepping 4, cmov, cx8, fxsr, mmx, sse, sse2, sse3, ssse3, sse4.1, sse4.2, popcnt, avx, avx2, aes, clmul, erms, 3dnowpref, lzcnt, ht, tsc, tscinvbit, bmi1, bmi2, adx

Memory: 4k page, physical 8388608k(170404k free)

/proc/meminfo:


vm_info: Java HotSpot(TM) 64-Bit Server VM (25.121-b13) for bsd-amd64 JRE (1.8.0_121-b13), built on Dec 12 2016 20:39:32 by "java_re" with gcc 4.2.1 (Based on Apple Inc. build 5658) (LLVM build 2336.11.00)

time: Tue Jun 27 18:37:27 2017
elapsed time: 17 seconds (0d 0h 0m 17s)

